<?xml version="1.0" encoding="UTF-8"?>
<testsuite xmlns:xsi="http://www.w3.org/2001/XMLSchema-instance" xsi:noNamespaceSchemaLocation="https://maven.apache.org/surefire/maven-surefire-plugin/xsd/surefire-test-report-3.0.xsd" version="3.0" name="com.fitness.aifitness.controller.MlProxyControllerTest" time="8.585" tests="1" errors="0" skipped="0" failures="0">
  <properties>
[...]
</properties>
  <testcase name="mlHealth_returnsMlStatus" classname="com.fitness.aifitness.controller.MlProxyControllerTest" time="0.697">
    <system-out><![CDATA[19:03:15.443 [main] INFO org.springframework.test.context.support.AnnotationConfigContextLoaderUtils -- Could not detect default configuration classes for test class [com.fitness.aifitness.controller.MlProxyControllerTest]: MlProxyControllerTest does not declare any static, non-private, non-final, nested classes annotated with @Configuration.
19:03:15.649 [main] INFO org.springframework.boot.test.context.SpringBootTestContextBootstrapper -- Found @SpringBootConfiguration com.fitness.aifitness.AiFitnessApplication for test class com.fitness.aifitness.controller.MlProxyControllerTest
19:03:15.876 [main] INFO org.springframework.boot.devtools.restart.RestartApplicationListener -- Restart disabled due to context in which it is running

  .   ____          _            __ _ _
 /\\ / ___'_ __ _ _(_)_ __  __ _ \ \ \ \
( ( )\___ | '_ | '_| | '_ \/ _` | \ \ \ \
 \\/  ___)| |_)| | | | | || (_| |  ) ) ) )
  '  |____| .__|_| |_|_| |_\__, | / / / /
 =========|_|==============|___/=/_/_/_/
 :: Spring Boot ::                (v3.2.0)

2025-08-23 19:03:16 - Starting MlProxyControllerTest using Java 17.0.12 with PID 7648 (started by rishi in C:\Users\rishi\Documents\gymproject\Backend)
2025-08-23 19:03:16 - Running with Spring Boot v3.2.0, Spring v6.1.1
2025-08-23 19:03:16 - No active profile set, falling back to 1 default profile: "default"
2025-08-23 19:03:17 - Bootstrapping Spring Data JPA repositories in DEFAULT mode.
2025-08-23 19:03:17 - Finished Spring Data repository scanning in 192 ms. Found 5 JPA repository interfaces.
2025-08-23 19:03:18 - HHH000204: Processing PersistenceUnitInfo [name: default]
2025-08-23 19:03:18 - HHH000412: Hibernate ORM core version 6.3.1.Final
2025-08-23 19:03:18 - HHH000026: Second-level cache disabled
2025-08-23 19:03:19 - No LoadTimeWeaver setup: ignoring JPA class transformer
2025-08-23 19:03:19 - HikariPool-1 - Starting...
2025-08-23 19:03:19 - HikariPool-1 - Added connection conn0: url=jdbc:h2:mem:testdb user=SA
2025-08-23 19:03:19 - HikariPool-1 - Start completed.
2025-08-23 19:03:19 - HHH90000025: H2Dialect does not need to be specified explicitly using 'hibernate.dialect' (remove the property setting and it will be selected by default)
2025-08-23 19:03:20 - HHH000489: No JTA platform available (set 'hibernate.transaction.jta.platform' to enable JTA platform integration)
Hibernate: 
    drop table if exists chatbot_conversations cascade 
Hibernate: 
    drop table if exists nutrition_plans cascade 
Hibernate: 
    drop table if exists progress cascade 
Hibernate: 
    drop table if exists users cascade 
Hibernate: 
    drop table if exists workouts cascade 
Hibernate: 
    create table chatbot_conversations (
        confidence float(53),
        created_at timestamp(6),
        id bigint generated by default as identity,
        user_id bigint not null,
        bot_response varchar(255),
        entities varchar(255),
        intent varchar(255),
        session_id varchar(255),
        user_message varchar(255),
        primary key (id)
    )
Hibernate: 
    create table nutrition_plans (
        target_calories integer,
        target_carbs integer,
        target_fat integer,
        target_protein integer,
        created_at timestamp(6),
        end_date timestamp(6),
        id bigint generated by default as identity,
        start_date timestamp(6),
        updated_at timestamp(6),
        user_id bigint not null,
        dietary_restrictions varchar(255),
        goal varchar(255),
        meal_plan varchar(255),
        notes varchar(255),
        status varchar(255),
        primary key (id)
    )
Hibernate: 
    create table progress (
        body_fat_percentage float(53),
        muscle_mass float(53),
        weight float(53),
        created_at timestamp(6),
        id bigint generated by default as identity,
        recorded_date timestamp(6),
        user_id bigint not null,
        measurements varchar(255),
        notes varchar(255),
        progress_photos varchar(255),
        primary key (id)
    )
Hibernate: 
    create table users (
        age integer,
        experience_years integer,
        height float(53),
        weight float(53),
        created_at timestamp(6),
        id bigint generated by default as identity,
        updated_at timestamp(6),
        activity_level varchar(255),
        available_equipment varchar(255),
        email varchar(255) unique,
        first_name varchar(255),
        fitness_goal varchar(255),
        gender varchar(255),
        last_name varchar(255),
        password varchar(255),
        username varchar(255) unique,
        primary key (id)
    )
Hibernate: 
    create table workouts (
        duration integer,
        completed_date timestamp(6),
        created_at timestamp(6),
        id bigint generated by default as identity,
        scheduled_date timestamp(6),
        updated_at timestamp(6),
        user_id bigint not null,
        difficulty varchar(255),
        exercises varchar(255),
        muscle_groups varchar(255),
        notes varchar(255),
        status varchar(255),
        workout_type varchar(255),
        primary key (id)
    )
Hibernate: 
    alter table if exists chatbot_conversations 
       add constraint FK9i7r87gyh7dnbaocp5kw4dtfw 
       foreign key (user_id) 
       references users
Hibernate: 
    alter table if exists nutrition_plans 
       add constraint FKp24rwm221u5myvof88q7ybmtm 
       foreign key (user_id) 
       references users
Hibernate: 
    alter table if exists progress 
       add constraint FK7fyumbty8qgbd7sfbbjnqdo62 
       foreign key (user_id) 
       references users
Hibernate: 
    alter table if exists workouts 
       add constraint FKpf8ql3wbw2drijbk1ugfvki3d 
       foreign key (user_id) 
       references users
2025-08-23 19:03:20 - Initialized JPA EntityManagerFactory for persistence unit 'default'
2025-08-23 19:03:21 - spring.jpa.open-in-view is enabled by default. Therefore, database queries may be performed during view rendering. Explicitly configure spring.jpa.open-in-view to disable this warning
2025-08-23 19:03:21 - Will secure any request with [org.springframework.security.web.session.DisableEncodeUrlFilter@2438a038, org.springframework.security.web.context.request.async.WebAsyncManagerIntegrationFilter@50b010d4, org.springframework.security.web.context.SecurityContextHolderFilter@71d0ad00, org.springframework.security.web.header.HeaderWriterFilter@74214ac3, org.springframework.web.filter.CorsFilter@510d4d4b, org.springframework.security.web.authentication.logout.LogoutFilter@74b13aa, org.springframework.security.web.savedrequest.RequestCacheAwareFilter@2e549515, org.springframework.security.web.servletapi.SecurityContextHolderAwareRequestFilter@2c34ce24, org.springframework.security.web.authentication.AnonymousAuthenticationFilter@12f32f99, org.springframework.security.web.session.SessionManagementFilter@6238b10a, org.springframework.security.web.access.ExceptionTranslationFilter@59eb987a, org.springframework.security.web.access.intercept.AuthorizationFilter@3e7940b3]
2025-08-23 19:03:22 - Filter 'jwtAuthenticationFilter' configured for use
2025-08-23 19:03:22 - Initializing Spring TestDispatcherServlet ''
2025-08-23 19:03:22 - Initializing Servlet ''
2025-08-23 19:03:22 - Completed initialization in 0 ms
2025-08-23 19:03:23 - Started MlProxyControllerTest in 7.255 seconds (process running for 8.443)
2025-08-23 19:03:23 - Securing GET /api/integration/ml-health
2025-08-23 19:03:23 - Set SecurityContextHolder to anonymous SecurityContext
2025-08-23 19:03:23 - Secured GET /api/integration/ml-health
]]></system-out>
  </testcase>
</testsuite>